[1mInitial chunk files[22m  [2m | [22m[1mNames[22m           [2m | [22m [1mRaw size[22m[2m | [22m[1mEstimated transfer size[22m
[32mchunk-Q473Y6UO.js[39m    [2m | [22m[2m-[22m               [2m | [22m[36m162.29 kB[39m[2m | [22m               [36m47.26 kB[39m
[32mchunk-MJEIQQFB.js[39m    [2m | [22m[2m-[22m               [2m | [22m [36m89.83 kB[39m[2m | [22m               [36m22.62 kB[39m
[32mmain-5FTYGZ3D.js[39m     [2m | [22m[2mmain[22m            [2m | [22m [36m50.43 kB[39m[2m | [22m               [36m11.65 kB[39m
[32mchunk-ZCEHZLTL.js[39m    [2m | [22m[2m-[22m               [2m | [22m [36m34.90 kB[39m[2m | [22m                [36m7.41 kB[39m
[32mpolyfills-B6TNHZQ6.js[39m[2m | [22m[2mpolyfills[22m       [2m | [22m [36m34.58 kB[39m[2m | [22m               [36m11.32 kB[39m
[32mchunk-QPQUDIHV.js[39m    [2m | [22m[2m-[22m               [2m | [22m [36m27.15 kB[39m[2m | [22m                [36m8.01 kB[39m
[32mstyles-3RQYZY4J.css[39m  [2m | [22m[2mstyles[22m          [2m | [22m [36m18.30 kB[39m[2m | [22m                [36m3.59 kB[39m
[32mchunk-R7RRKMLZ.js[39m    [2m | [22m[2m-[22m               [2m | [22m  [36m2.60 kB[39m[2m | [22m                [36m1.16 kB[39m
[32mchunk-FHQLBHCB.js[39m    [2m | [22m[2m-[22m               [2m | [22m  [36m1.15 kB[39m[2m | [22m              [36m463 bytes[39m

[1m [22m                    [2m | [22m[1mInitial total[22m   [2m | [22m[1m421.23 kB[22m[2m | [22m              [1m113.48 kB[22m

[1mLazy chunk files[22m     [2m | [22m[1mNames[22m           [2m | [22m [1mRaw size[22m[2m | [22m[1mEstimated transfer size[22m
[32mchunk-2EQ5IMZB.js[39m    [2m | [22m[2m-[22m               [2m | [22m[36m198.39 kB[39m[2m | [22m               [36m43.26 kB[39m
[32mchunk-UZVOZ3VI.js[39m    [2m | [22m[2mranking-page[22m    [2m | [22m [36m47.73 kB[39m[2m | [22m                [36m8.15 kB[39m
[32mchunk-YLJNXFXG.js[39m    [2m | [22m[2mvalidate-pr-page[22m[2m | [22m [36m23.27 kB[39m[2m | [22m                [36m5.69 kB[39m
[32mchunk-WIVNAYKJ.js[39m    [2m | [22m[2mprofile-page[22m    [2m | [22m [36m23.15 kB[39m[2m | [22m                [36m5.72 kB[39m
[32mchunk-5UCZJ7HP.js[39m    [2m | [22m[2mmapa-page[22m       [2m | [22m [36m19.95 kB[39m[2m | [22m                [36m6.07 kB[39m
[32mchunk-VPR3OCES.js[39m    [2m | [22m[2mmissions-page[22m   [2m | [22m [36m19.74 kB[39m[2m | [22m                [36m4.69 kB[39m
[32mchunk-JHUOPDKX.js[39m    [2m | [22m[2mlogin-page[22m      [2m | [22m [36m11.67 kB[39m[2m | [22m                [36m3.02 kB[39m
[32mchunk-YGKP27S5.js[39m    [2m | [22m[2mregister-page[22m   [2m | [22m  [36m9.75 kB[39m[2m | [22m                [36m2.56 kB[39m
[32mchunk-IARNE6XZ.js[39m    [2m | [22m[2mauth-callback[22m   [2m | [22m  [36m3.13 kB[39m[2m | [22m                [36m1.31 kB[39m

Application bundle generation failed. [3.960 seconds]

